SF:lib/features/absence/application/absence_cubit.dart
DA:13,2
DA:22,1
DA:23,1
DA:25,2
DA:27,1
DA:28,3
DA:29,3
LF:7
LH:7
end_of_record
SF:lib/features/absence/domain/absence.dart
DA:42,3
DA:43,3
DA:46,2
DA:48,1
DA:50,1
DA:51,1
LF:6
LH:6
end_of_record
SF:lib/features/absence/domain/absence.g.dart
DA:9,3
DA:10,3
DA:11,3
DA:12,6
DA:13,6
DA:14,6
DA:15,6
DA:16,6
DA:17,3
DA:18,6
DA:19,6
DA:20,3
DA:22,4
DA:23,3
DA:24,3
DA:26,4
DA:27,3
DA:29,2
DA:32,2
DA:33,2
DA:34,2
DA:35,4
DA:36,2
DA:37,4
DA:38,4
DA:39,2
DA:40,2
DA:41,2
DA:42,4
DA:43,4
DA:44,2
DA:45,3
DA:46,3
LF:33
LH:33
end_of_record
SF:lib/features/core/domain/failure.dart
DA:20,1
LF:1
LH:1
end_of_record
SF:lib/features/core/domain/user.dart
DA:25,8
DA:28,1
LF:2
LH:2
end_of_record
SF:lib/features/core/domain/user.g.dart
DA:9,8
DA:10,8
DA:11,8
DA:12,4
DA:13,4
DA:14,8
DA:17,3
DA:18,3
DA:19,3
DA:20,3
DA:21,3
DA:22,3
DA:23,3
LF:13
LH:13
end_of_record
SF:lib/features/absence/infrastructure/local_absence_repository.dart
DA:18,1
DA:26,1
DA:29,1
DA:31,1
DA:34,2
DA:35,1
DA:36,4
DA:37,1
DA:38,1
DA:42,2
DA:43,1
DA:45,1
DA:46,1
DA:47,1
DA:49,1
DA:55,1
DA:57,2
DA:60,1
DA:62,2
DA:65,1
DA:69,1
DA:70,1
DA:71,1
DA:73,2
DA:75,1
LF:25
LH:25
end_of_record
SF:lib/features/core/domain/api_response.dart
DA:21,2
DA:25,2
DA:29,1
LF:3
LH:3
end_of_record
SF:lib/features/core/domain/api_response.g.dart
DA:9,2
DA:13,2
DA:14,2
DA:15,6
LF:4
LH:4
end_of_record
SF:lib/features/absence/application/absence_state.dart
LF:0
LH:0
end_of_record
