SF:lib/features/core/domain/failure.dart
DA:20,1
LF:1
LH:1
end_of_record
SF:lib/features/settings/application/settings_cubit.dart
DA:13,3
DA:18,1
DA:19,2
DA:21,3
DA:22,2
DA:23,1
DA:27,1
DA:28,2
DA:30,3
DA:31,2
DA:32,4
DA:36,1
DA:37,2
DA:38,2
DA:39,2
DA:40,4
DA:44,1
DA:45,2
DA:46,4
LF:19
LH:19
end_of_record
SF:lib/features/settings/application/settings_state.dart
DA:13,2
DA:14,1
LF:2
LH:2
end_of_record
SF:lib/features/settings/domain/app_settings.dart
DA:22,1
DA:23,1
DA:26,2
LF:3
LH:3
end_of_record
SF:lib/features/settings/domain/app_settings.g.dart
DA:9,1
DA:10,1
DA:11,1
DA:12,1
DA:13,1
DA:16,1
DA:17,1
DA:18,1
DA:19,1
DA:20,1
LF:10
LH:10
end_of_record
SF:lib/features/absence/application/absence_cubit.dart
DA:13,2
DA:28,1
DA:37,1
DA:38,2
DA:39,1
DA:40,1
DA:42,3
DA:45,1
DA:46,1
DA:50,2
DA:53,1
DA:54,1
DA:57,1
DA:58,3
DA:59,1
DA:60,2
DA:61,2
DA:62,1
DA:63,3
DA:64,1
DA:65,1
DA:66,1
DA:67,1
DA:68,1
DA:69,1
DA:70,1
DA:71,3
DA:72,1
DA:73,1
DA:81,1
DA:82,3
DA:83,1
DA:84,2
DA:85,1
DA:86,1
DA:93,1
DA:94,1
DA:95,1
DA:96,1
LF:39
LH:39
end_of_record
SF:lib/features/absence/domain/absence.dart
DA:42,4
DA:43,4
DA:46,8
DA:48,4
DA:50,4
DA:51,4
DA:52,4
DA:53,4
LF:8
LH:8
end_of_record
SF:lib/features/absence/domain/absence.g.dart
DA:9,4
DA:10,4
DA:11,4
DA:12,8
DA:13,8
DA:14,8
DA:15,8
DA:16,8
DA:17,4
DA:18,8
DA:19,8
DA:20,4
DA:22,6
DA:23,4
DA:24,4
DA:26,6
DA:27,4
DA:29,2
DA:32,3
DA:33,3
DA:34,3
DA:35,6
DA:36,3
DA:37,6
DA:38,6
DA:39,3
DA:40,3
DA:41,3
DA:42,6
DA:43,6
DA:44,3
DA:45,5
DA:46,4
LF:33
LH:33
end_of_record
SF:lib/features/absence/domain/paginated_absence_response.dart
DA:25,1
DA:26,1
DA:29,2
LF:3
LH:3
end_of_record
SF:lib/features/absence/domain/paginated_absence_response.g.dart
DA:9,1
DA:11,1
DA:12,1
DA:13,3
DA:14,1
DA:15,2
DA:16,2
DA:17,2
DA:20,1
DA:22,1
DA:23,5
DA:24,1
DA:25,1
DA:26,1
LF:14
LH:14
end_of_record
SF:lib/features/core/domain/user.dart
DA:25,8
DA:28,1
LF:2
LH:2
end_of_record
SF:lib/features/core/domain/user.g.dart
DA:9,8
DA:10,8
DA:11,8
DA:12,4
DA:13,4
DA:14,8
DA:17,3
DA:18,3
DA:19,3
DA:20,3
DA:21,3
DA:22,3
DA:23,3
LF:13
LH:13
end_of_record
SF:lib/features/absence/infrastructure/local_absence_repository.dart
DA:16,1
DA:21,1
DA:29,1
DA:30,1
DA:33,2
DA:34,3
DA:36,3
DA:38,1
DA:41,1
DA:42,2
DA:43,1
DA:44,1
DA:46,1
DA:49,2
DA:50,1
DA:51,4
DA:52,1
DA:53,1
DA:56,2
DA:57,1
DA:59,1
DA:60,1
DA:64,2
DA:67,1
DA:68,1
DA:70,1
DA:76,1
DA:78,1
DA:81,1
DA:83,1
DA:86,1
DA:92,3
DA:93,1
DA:94,1
DA:96,2
DA:98,1
DA:100,2
LF:37
LH:37
end_of_record
SF:lib/features/core/domain/api_response.dart
DA:21,2
DA:25,2
DA:29,1
LF:3
LH:3
end_of_record
SF:lib/features/core/domain/api_response.g.dart
DA:9,2
DA:13,2
DA:14,2
DA:15,6
LF:4
LH:4
end_of_record
SF:lib/features/core/infrastructure/date_extensions.dart
DA:6,2
DA:7,4
DA:15,2
DA:16,4
DA:20,1
DA:21,2
DA:26,2
DA:27,3
DA:32,1
DA:33,2
LF:10
LH:10
end_of_record
SF:lib/features/absence/application/absence_state.dart
LF:0
LH:0
end_of_record
SF:lib/features/absence/presentation/components/absence_type_widget.dart
DA:13,2
DA:25,2
DA:27,2
DA:28,2
DA:29,2
DA:34,2
DA:35,2
DA:36,4
DA:37,1
DA:40,2
DA:41,4
DA:42,2
DA:43,4
DA:47,4
LF:14
LH:14
end_of_record
SF:lib/features/core/infrastructure/string_extensions.dart
DA:4,3
DA:5,3
DA:6,12
DA:13,3
DA:14,3
LF:5
LH:5
end_of_record
SF:lib/features/absence/presentation/components/absence_status_widget.dart
DA:9,2
DA:25,2
DA:27,2
DA:28,2
DA:29,4
DA:30,1
DA:33,4
DA:34,1
DA:37,4
DA:38,1
DA:41,4
DA:45,4
DA:49,4
DA:53,2
DA:58,2
DA:59,2
DA:60,2
DA:62,2
DA:66,2
DA:67,2
DA:69,2
DA:72,2
DA:73,2
DA:75,2
DA:79,4
LF:25
LH:25
end_of_record
SF:lib/features/absence/presentation/components/absence_note_widget.dart
DA:11,2
DA:29,2
DA:31,4
DA:33,2
DA:34,2
DA:35,2
DA:37,2
DA:38,6
DA:39,2
DA:40,2
DA:41,6
DA:43,4
DA:45,2
DA:46,4
DA:47,2
DA:48,2
DA:49,2
DA:50,2
DA:51,2
DA:52,4
LF:20
LH:20
end_of_record
SF:lib/features/l10n/l10n.dart
DA:8,6
DA:14,21
DA:17,9
DA:28,4
DA:41,9
LF:5
LH:5
end_of_record
SF:lib/features/absence/presentation/components/absence_card.dart
DA:19,1
DA:24,1
DA:26,1
DA:27,1
DA:28,1
DA:30,1
DA:31,4
DA:36,1
DA:38,1
DA:40,1
DA:41,1
DA:42,4
DA:43,3
DA:46,1
DA:47,1
DA:49,1
DA:50,1
DA:51,3
DA:58,1
DA:59,1
DA:60,1
DA:70,1
DA:71,2
DA:72,2
DA:77,1
DA:79,2
DA:82,1
DA:84,2
DA:91,1
DA:93,1
DA:94,1
DA:95,3
DA:99,1
DA:100,2
DA:101,2
LF:35
LH:35
end_of_record
SF:lib/features/absence/presentation/components/absence_list_widget.dart
DA:9,1
DA:11,1
DA:12,1
DA:18,1
DA:20,1
DA:21,3
DA:24,1
DA:26,2
DA:27,1
DA:30,1
DA:31,4
DA:32,3
DA:33,3
DA:37,1
DA:39,1
DA:40,1
DA:41,1
DA:42,1
DA:43,1
DA:44,1
DA:45,1
DA:46,2
DA:47,1
DA:48,2
DA:49,1
DA:53,1
DA:54,1
DA:55,1
DA:56,2
LF:29
LH:29
end_of_record
SF:lib/features/absence/presentation/components/data_table/date_range_row_widget.dart
DA:8,1
DA:24,1
DA:26,3
DA:27,3
DA:30,7
DA:32,1
DA:34,1
DA:36,1
DA:38,1
DA:39,1
DA:40,2
LF:11
LH:11
end_of_record
SF:lib/features/absence/presentation/components/user_avatar.dart
DA:8,1
DA:13,1
DA:15,1
DA:18,1
DA:20,1
DA:21,1
DA:24,1
DA:25,2
LF:8
LH:8
end_of_record
SF:lib/features/calendar/infrastructure/ical_calendar_repository.dart
DA:15,1
DA:22,1
DA:28,2
DA:31,2
DA:32,1
DA:33,4
DA:34,1
DA:35,1
DA:38,2
DA:39,1
DA:41,2
DA:42,1
DA:44,1
DA:45,1
DA:48,1
DA:50,1
DA:51,1
DA:52,5
DA:53,2
DA:54,2
DA:55,2
DA:56,1
DA:57,1
DA:60,1
DA:64,1
DA:68,2
DA:73,1
DA:74,3
DA:75,3
DA:77,1
DA:78,2
DA:83,1
DA:84,1
DA:87,1
DA:88,1
DA:89,1
DA:96,1
DA:97,1
DA:99,1
DA:105,1
DA:111,1
DA:113,1
DA:117,1
DA:121,1
DA:122,2
DA:123,1
DA:124,0
DA:125,0
DA:126,0
DA:127,0
DA:128,0
DA:129,0
DA:130,0
DA:131,0
DA:134,1
DA:138,4
DA:139,1
LF:57
LH:49
end_of_record
